[debug] [2023-09-20T09:06:52.177Z] ----------------------------------------------------------------------
[debug] [2023-09-20T09:06:52.179Z] Command:       C:\Program Files\nodejs\node.exe C:\Users\matla\AppData\Roaming\npm\node_modules\firebase-tools\lib\bin\firebase.js init
[debug] [2023-09-20T09:06:52.180Z] CLI Version:   12.5.4
[debug] [2023-09-20T09:06:52.180Z] Platform:      win32
[debug] [2023-09-20T09:06:52.180Z] Node Version:  v18.17.1
[debug] [2023-09-20T09:06:52.181Z] Time:          Wed Sep 20 2023 11:06:52 GMT+0200 (czas środkowoeuropejski letni)
[debug] [2023-09-20T09:06:52.181Z] ----------------------------------------------------------------------
[debug] 
[debug] [2023-09-20T09:06:52.250Z] > command requires scopes: ["email","openid","https://www.googleapis.com/auth/cloudplatformprojects.readonly","https://www.googleapis.com/auth/firebase","https://www.googleapis.com/auth/cloud-platform"]
[debug] [2023-09-20T09:06:52.250Z] > authorizing via signed-in user (piotr.matlak.contact@gmail.com)
[info] 
     ######## #### ########  ######## ########     ###     ######  ########
     ##        ##  ##     ## ##       ##     ##  ##   ##  ##       ##
     ######    ##  ########  ######   ########  #########  ######  ######
     ##        ##  ##    ##  ##       ##     ## ##     ##       ## ##
     ##       #### ##     ## ######## ########  ##     ##  ######  ########

You're about to initialize a Firebase project in this directory:

  C:\Users\matla\Dysk\projekty\firebase-recipes-web-app

Before we get started, keep in mind:

  * You are initializing within an existing Firebase project directory

[info] 
=== Project Setup
[info] 
[info] First, let's associate this project directory with a Firebase project.
[info] You can create multiple project aliases by running firebase use --add, 
[info] but for now we'll just set up a default project.
[info] 
[debug] [2023-09-20T09:06:58.900Z] Using project from CLI flag: fir-recepies-6e571
[debug] [2023-09-20T09:06:58.902Z] > refreshing access token with scopes: []
[debug] [2023-09-20T09:06:58.906Z] >>> [apiv2][query] POST https://www.googleapis.com/oauth2/v3/token [none]
[debug] [2023-09-20T09:06:58.906Z] >>> [apiv2][body] POST https://www.googleapis.com/oauth2/v3/token [omitted]
[debug] [2023-09-20T09:06:59.118Z] <<< [apiv2][status] POST https://www.googleapis.com/oauth2/v3/token 200
[debug] [2023-09-20T09:06:59.118Z] <<< [apiv2][body] POST https://www.googleapis.com/oauth2/v3/token [omitted]
[debug] [2023-09-20T09:06:59.134Z] >>> [apiv2][query] GET https://firebase.googleapis.com/v1beta1/projects/fir-recepies-6e571 [none]
[debug] [2023-09-20T09:06:59.474Z] <<< [apiv2][status] GET https://firebase.googleapis.com/v1beta1/projects/fir-recepies-6e571 200
[debug] [2023-09-20T09:06:59.475Z] <<< [apiv2][body] GET https://firebase.googleapis.com/v1beta1/projects/fir-recepies-6e571 {"projectId":"fir-recepies-6e571","projectNumber":"648686699427","displayName":"firebase-recepies","name":"projects/fir-recepies-6e571","resources":{"hostingSite":"fir-recepies-6e571"},"state":"ACTIVE","etag":"1_065b8f86-9f00-42aa-90a6-0aad9e4e362e"}
[info] i  Using project fir-recepies-6e571 (firebase-recepies) 
[info] 
=== Hosting:github Setup
[info] 
[info] i  Detected a .git folder at C:\Users\matla\Dysk\projekty\firebase-recipes-web-app 
[info] i  Authorizing with GitHub to upload your service account to a GitHub repository's secrets store. 
[info] 
[info] Visit this URL on this device to log in:
[info] https://github.com/login/oauth/authorize?client_id=89cf50f02ac6aaed3484&state=831625395&redirect_uri=http%3A%2F%2Flocalhost%3A9005&scope=read%3Auser%20repo%20public_repo
[info] 
[info] Waiting for authentication...
[debug] [2023-09-20T09:06:59.906Z] >>> [apiv2][query] POST https://github.com/login/oauth/access_token [none]
[debug] [2023-09-20T09:06:59.906Z] >>> [apiv2][body] POST https://github.com/login/oauth/access_token [stream]
[debug] [2023-09-20T09:07:00.240Z] <<< [apiv2][status] POST https://github.com/login/oauth/access_token 200
[debug] [2023-09-20T09:07:00.241Z] <<< [apiv2][body] POST https://github.com/login/oauth/access_token {"access_token":"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","token_type":"bearer","scope":"read:user,repo"}
[debug] [2023-09-20T09:07:00.256Z] >>> [apiv2][query] GET https://api.github.com/user [none]
[debug] [2023-09-20T09:07:00.651Z] <<< [apiv2][status] GET https://api.github.com/user 200
[debug] [2023-09-20T09:07:00.653Z] <<< [apiv2][body] GET https://api.github.com/user {"login":"p6te","id":93533892,"node_id":"U_kgDOBZM2xA","avatar_url":"https://avatars.githubusercontent.com/u/93533892?v=4","gravatar_id":"","url":"https://api.github.com/users/p6te","html_url":"https://github.com/p6te","followers_url":"https://api.github.com/users/p6te/followers","following_url":"https://api.github.com/users/p6te/following{/other_user}","gists_url":"https://api.github.com/users/p6te/gists{/gist_id}","starred_url":"https://api.github.com/users/p6te/starred{/owner}{/repo}","subscriptions_url":"https://api.github.com/users/p6te/subscriptions","organizations_url":"https://api.github.com/users/p6te/orgs","repos_url":"https://api.github.com/users/p6te/repos","events_url":"https://api.github.com/users/p6te/events{/privacy}","received_events_url":"https://api.github.com/users/p6te/received_events","type":"User","site_admin":false,"name":"Piotr Matlak","company":null,"blog":"","location":"Kraków","email":null,"hireable":null,"bio":null,"twitter_username":null,"public_repos":42,"public_gists":0,"followers":0,"following":0,"created_at":"2021-11-01T14:28:47Z","updated_at":"2023-09-18T07:51:36Z","private_gists":0,"total_private_repos":0,"owned_private_repos":0,"disk_usage":26320,"collaborators":0,"two_factor_authentication":false,"plan":{"name":"free","space":976562499,"collaborators":0,"private_repos":10000}}
[info] 
[info] +  Success! Logged into GitHub as p6te 
[info] 
[debug] [2023-09-20T09:20:16.536Z] ----------------------------------------------------------------------
[debug] [2023-09-20T09:20:16.538Z] Command:       C:\Program Files\nodejs\node.exe C:\Users\matla\AppData\Roaming\npm\node_modules\firebase-tools\lib\bin\firebase.js init
[debug] [2023-09-20T09:20:16.539Z] CLI Version:   12.5.4
[debug] [2023-09-20T09:20:16.539Z] Platform:      win32
[debug] [2023-09-20T09:20:16.539Z] Node Version:  v18.17.1
[debug] [2023-09-20T09:20:16.540Z] Time:          Wed Sep 20 2023 11:20:16 GMT+0200 (czas środkowoeuropejski letni)
[debug] [2023-09-20T09:20:16.540Z] ----------------------------------------------------------------------
[debug] 
[debug] [2023-09-20T09:20:16.633Z] > command requires scopes: ["email","openid","https://www.googleapis.com/auth/cloudplatformprojects.readonly","https://www.googleapis.com/auth/firebase","https://www.googleapis.com/auth/cloud-platform"]
[debug] [2023-09-20T09:20:16.633Z] > authorizing via signed-in user (piotr.matlak.contact@gmail.com)
[info] 
     ######## #### ########  ######## ########     ###     ######  ########
     ##        ##  ##     ## ##       ##     ##  ##   ##  ##       ##
     ######    ##  ########  ######   ########  #########  ######  ######
     ##        ##  ##    ##  ##       ##     ## ##     ##       ## ##
     ##       #### ##     ## ######## ########  ##     ##  ######  ########

You're about to initialize a Firebase project in this directory:

  C:\Users\matla\Dysk\projekty\firebase-recipes-web-app

Before we get started, keep in mind:

  * You are initializing within an existing Firebase project directory

